<?xml version="1.0" encoding="UTF-8"?>
<!-- Generated by org.testng.reporters.JUnitXMLReporter -->
<testsuite hostname="DESKTOP-M42G5V1" ignored="0" name="Command line test" tests="3" failures="0" timestamp="10 Mar 2022 17:51:47 GMT" time="18.298" errors="0">
  <testcase name="adactin" time="2.224" classname="com.testNg.TestNg"/>
  <testcase name="facebook" time="2.151" classname="com.testNg.TestNg"/>
  <testcase name="google" time="5.495" classname="com.testNg.TestNg"/>
</testsuite> <!-- Command line test -->
