<?xml version="1.0" encoding="UTF-8"?>
<testng-results skipped="0" failed="0" ignored="0" total="3" passed="3">
  <reporter-output>
  </reporter-output>
  <suite name="com.testNg.TestNg" duration-ms="18338" started-at="2022-03-09T10:49:15Z" finished-at="2022-03-09T10:49:33Z">
    <groups>
    </groups>
    <test name="Command line test" duration-ms="18338" started-at="2022-03-09T10:49:15Z" finished-at="2022-03-09T10:49:33Z">
      <class name="com.testNg.TestNg">
        <test-method status="PASS" signature="loadUrl()[pri:0, instance:com.testNg.TestNg@3cda1055]" name="loadUrl" is-config="true" duration-ms="8062" started-at="2022-03-09T10:49:15Z" finished-at="2022-03-09T10:49:23Z">
          <reporter-output>
          </reporter-output>
        </test-method> <!-- loadUrl -->
        <test-method status="PASS" signature="adactin()[pri:0, instance:com.testNg.TestNg@3cda1055]" name="adactin" duration-ms="3140" started-at="2022-03-09T10:49:23Z" finished-at="2022-03-09T10:49:26Z">
          <reporter-output>
          </reporter-output>
        </test-method> <!-- adactin -->
        <test-method status="PASS" signature="facebook()[pri:0, instance:com.testNg.TestNg@3cda1055]" name="facebook" duration-ms="2590" started-at="2022-03-09T10:49:26Z" finished-at="2022-03-09T10:49:28Z">
          <reporter-output>
          </reporter-output>
        </test-method> <!-- facebook -->
        <test-method status="PASS" signature="google()[pri:0, instance:com.testNg.TestNg@3cda1055]" name="google" duration-ms="4458" started-at="2022-03-09T10:49:28Z" finished-at="2022-03-09T10:49:33Z">
          <reporter-output>
          </reporter-output>
        </test-method> <!-- google -->
      </class> <!-- com.testNg.TestNg -->
    </test> <!-- Command line test -->
  </suite> <!-- com.testNg.TestNg -->
</testng-results>
