<?xml version="1.0" encoding="UTF-8"?>
<!-- Generated by org.testng.reporters.JUnitXMLReporter -->
<testsuite hostname="DESKTOP-M42G5V1" ignored="0" name="Command line test" tests="3" failures="0" timestamp="09 Mar 2022 10:49:33 GMT" time="18.338" errors="0">
  <testcase name="adactin" time="3.14" classname="com.testNg.TestNg"/>
  <testcase name="facebook" time="2.59" classname="com.testNg.TestNg"/>
  <testcase name="google" time="4.458" classname="com.testNg.TestNg"/>
</testsuite> <!-- Command line test -->
